<?xml version="1.0" encoding="UTF-8"?>
<testsuite name="com.javarush.games.racer.DirectionTest" tests="1" skipped="0" failures="0" errors="0" timestamp="2024-06-03T20:12:30" hostname="LENOVO" time="0.016">
  <properties/>
  <testcase name="values()" classname="com.javarush.games.racer.DirectionTest" time="0.016"/>
  <system-out><![CDATA[]]></system-out>
  <system-err><![CDATA[]]></system-err>
</testsuite>
